<?xml version="1.0" encoding="UTF-8"?>
<testsuite name="domain.GameNumbersTest" tests="1" skipped="0" failures="0" errors="0" timestamp="2020-02-21T09:41:56" hostname="DESKTOP-SM94QP9" time="0.052">
  <properties/>
  <testcase name="getGameNumbers()" classname="domain.GameNumbersTest" time="0.052"/>
  <system-out><![CDATA[753
]]></system-out>
  <system-err><![CDATA[]]></system-err>
</testsuite>
